<?xml version="1.0" encoding="UTF-8"?>
<testng-results skipped="0" failed="0" ignored="0" total="2" passed="2">
  <reporter-output>
  </reporter-output>
  <suite name="Default suite" duration-ms="7564" started-at="2021-02-22T12:27:15 IST" finished-at="2021-02-22T12:27:23 IST">
    <groups>
    </groups>
    <test name="Default test" duration-ms="7564" started-at="2021-02-22T12:27:15 IST" finished-at="2021-02-22T12:27:23 IST">
      <class name="apitest.RestAssured.Reqres">
        <test-method status="PASS" signature="propload()[pri:0, instance:apitest.RestAssured.Reqres@184f6be2]" name="propload" is-config="true" duration-ms="8" started-at="2021-02-22T12:27:15 IST" finished-at="2021-02-22T12:27:15 IST">
          <reporter-output>
          </reporter-output>
        </test-method> <!-- propload -->
        <test-method status="PASS" signature="delayedResponse()[pri:0, instance:apitest.RestAssured.Reqres@184f6be2]" name="delayedResponse" duration-ms="6318" started-at="2021-02-22T12:27:15 IST" finished-at="2021-02-22T12:27:21 IST">
          <reporter-output>
          </reporter-output>
        </test-method> <!-- delayedResponse -->
        <test-method status="PASS" signature="loginUnsuccessful()[pri:0, instance:apitest.RestAssured.Reqres@184f6be2]" name="loginUnsuccessful" duration-ms="1209" started-at="2021-02-22T12:27:21 IST" finished-at="2021-02-22T12:27:23 IST">
          <reporter-output>
          </reporter-output>
        </test-method> <!-- loginUnsuccessful -->
      </class> <!-- apitest.RestAssured.Reqres -->
    </test> <!-- Default test -->
  </suite> <!-- Default suite -->
</testng-results>
